<?xml version="1.0" encoding="UTF-8"?>
<testsuite name="ru.arvato.api.ArvatoApiApplicationTests" tests="1" skipped="0" failures="0" errors="0" timestamp="2026-03-04T12:59:08" hostname="DESKTOP-FQ05ST1" time="0.533">
  <properties/>
  <testcase name="contextLoads()" classname="ru.arvato.api.ArvatoApiApplicationTests" time="0.533"/>
  <system-out><![CDATA[15:59:07.138 [Test worker] INFO org.springframework.test.context.support.AnnotationConfigContextLoaderUtils -- Could not detect default configuration classes for test class [ru.arvato.api.ArvatoApiApplicationTests]: ArvatoApiApplicationTests does not declare any static, non-private, non-final, nested classes annotated with @Configuration.
15:59:07.226 [Test worker] INFO org.springframework.boot.test.context.SpringBootTestContextBootstrapper -- Found @SpringBootConfiguration ru.arvato.api.ArvatoApiApplication for test class ru.arvato.api.ArvatoApiApplicationTests

  .   ____          _            __ _ _
 /\\ / ___'_ __ _ _(_)_ __  __ _ \ \ \ \
( ( )\___ | '_ | '_| | '_ \/ _` | \ \ \ \
 \\/  ___)| |_)| | | | | || (_| |  ) ) ) )
  '  |____| .__|_| |_|_| |_\__, | / / / /
 =========|_|==============|___/=/_/_/_/
 :: Spring Boot ::                (v3.2.0)

2026-03-04T15:59:07.495+03:00  INFO 41348 --- [    Test worker] r.arvato.api.ArvatoApiApplicationTests   : Starting ArvatoApiApplicationTests using Java 17.0.16 with PID 41348 (started by boris in C:\Users\boris\java-projects\arvato-api-client)
2026-03-04T15:59:07.496+03:00  INFO 41348 --- [    Test worker] r.arvato.api.ArvatoApiApplicationTests   : No active profile set, falling back to 1 default profile: "default"
2026-03-04T15:59:08.572+03:00  INFO 41348 --- [    Test worker] r.arvato.api.ArvatoApiApplicationTests   : Started ArvatoApiApplicationTests in 1.23 seconds (process running for 2.025)
]]></system-out>
  <system-err><![CDATA[]]></system-err>
</testsuite>
